2017-05-12 09:41:19.559 [main] INFO  com.hwangfantasy.SpringBootSampleApplication - Starting SpringBootSampleApplication on PC201603241400 with PID 9796 (D:\githubprojects\spring-sample\spring-boot-sample\target\classes started by yunfeiyang in D:\githubprojects\spring-sample\spring-boot-sample)
2017-05-12 09:41:19.562 [main] INFO  com.hwangfantasy.SpringBootSampleApplication - No active profile set, falling back to default profiles: default
2017-05-12 09:41:19.607 [main] INFO  o.s.b.c.e.AnnotationConfigEmbeddedWebApplicationContext - Refreshing org.springframework.boot.context.embedded.AnnotationConfigEmbeddedWebApplicationContext@65c1ef16: startup date [Fri May 12 09:41:19 CST 2017]; root of context hierarchy
2017-05-12 09:41:19.876 [background-preinit] INFO  org.hibernate.validator.internal.util.Version - HV000001: Hibernate Validator 5.3.4.Final
2017-05-12 09:41:20.546 [main] INFO  o.s.d.r.config.RepositoryConfigurationDelegate - Multiple Spring Data modules found, entering strict repository configuration mode!
2017-05-12 09:41:20.638 [main] WARN  org.mybatis.spring.mapper.ClassPathMapperScanner - Skipping MapperFactoryBean with name 'userMapper' and 'com.hwangfantasy.dao.UserMapper' mapperInterface. Bean already defined with the same name!
2017-05-12 09:41:20.639 [main] WARN  org.mybatis.spring.mapper.ClassPathMapperScanner - No MyBatis mapper was found in '[com.hwangfantasy.dao]' package. Please check your configuration.
2017-05-12 09:41:20.654 [main] WARN  o.s.c.annotation.ConfigurationClassPostProcessor - Cannot enhance @Configuration bean definition 'myBatisMapperScannerConfig' since its singleton instance has been created too early. The typical cause is a non-static @Bean method with a BeanDefinitionRegistryPostProcessor return type: Consider declaring such methods as 'static'.
2017-05-12 09:41:20.991 [main] INFO  o.s.c.s.PostProcessorRegistrationDelegate$BeanPostProcessorChecker - Bean 'org.springframework.amqp.rabbit.annotation.RabbitBootstrapConfiguration' of type [org.springframework.amqp.rabbit.annotation.RabbitBootstrapConfiguration$$EnhancerBySpringCGLIB$$a1a792c2] is not eligible for getting processed by all BeanPostProcessors (for example: not eligible for auto-proxying)
2017-05-12 09:41:21.032 [main] INFO  o.s.c.s.PostProcessorRegistrationDelegate$BeanPostProcessorChecker - Bean 'org.springframework.boot.autoconfigure.jdbc.DataSourceConfiguration$Generic' of type [org.springframework.boot.autoconfigure.jdbc.DataSourceConfiguration$Generic] is not eligible for getting processed by all BeanPostProcessors (for example: not eligible for auto-proxying)
2017-05-12 09:41:21.040 [main] INFO  o.s.c.s.PostProcessorRegistrationDelegate$BeanPostProcessorChecker - Bean 'redisConfig' of type [com.hwangfantasy.config.redis.RedisConfig$$EnhancerBySpringCGLIB$$bc8f22dd] is not eligible for getting processed by all BeanPostProcessors (for example: not eligible for auto-proxying)
2017-05-12 09:41:21.050 [main] INFO  o.s.c.s.PostProcessorRegistrationDelegate$BeanPostProcessorChecker - Bean 'keyGenerator' of type [com.hwangfantasy.config.redis.RedisConfig$1] is not eligible for getting processed by all BeanPostProcessors (for example: not eligible for auto-proxying)
2017-05-12 09:41:21.051 [main] INFO  o.s.c.s.PostProcessorRegistrationDelegate$BeanPostProcessorChecker - Bean 'org.springframework.cache.annotation.ProxyCachingConfiguration' of type [org.springframework.cache.annotation.ProxyCachingConfiguration$$EnhancerBySpringCGLIB$$244e0ab2] is not eligible for getting processed by all BeanPostProcessors (for example: not eligible for auto-proxying)
2017-05-12 09:41:21.126 [main] INFO  o.s.c.s.PostProcessorRegistrationDelegate$BeanPostProcessorChecker - Bean 'spring.datasource-org.springframework.boot.autoconfigure.jdbc.DataSourceProperties' of type [org.springframework.boot.autoconfigure.jdbc.DataSourceProperties] is not eligible for getting processed by all BeanPostProcessors (for example: not eligible for auto-proxying)
2017-05-12 09:41:21.178 [main] INFO  o.s.c.s.PostProcessorRegistrationDelegate$BeanPostProcessorChecker - Bean 'dataSource' of type [com.alibaba.druid.pool.DruidDataSource] is not eligible for getting processed by all BeanPostProcessors (for example: not eligible for auto-proxying)
2017-05-12 09:41:21.250 [main] INFO  o.s.c.s.PostProcessorRegistrationDelegate$BeanPostProcessorChecker - Bean 'org.springframework.boot.autoconfigure.jdbc.DataSourceAutoConfiguration' of type [org.springframework.boot.autoconfigure.jdbc.DataSourceAutoConfiguration$$EnhancerBySpringCGLIB$$bd2f77f4] is not eligible for getting processed by all BeanPostProcessors (for example: not eligible for auto-proxying)
2017-05-12 09:41:21.269 [main] INFO  o.s.c.s.PostProcessorRegistrationDelegate$BeanPostProcessorChecker - Bean 'dataSourceInitializer' of type [org.springframework.boot.autoconfigure.jdbc.DataSourceInitializer] is not eligible for getting processed by all BeanPostProcessors (for example: not eligible for auto-proxying)
2017-05-12 09:41:21.282 [main] INFO  o.s.c.s.PostProcessorRegistrationDelegate$BeanPostProcessorChecker - Bean 'myBatisConfig' of type [com.hwangfantasy.config.mybatis.MyBatisConfig$$EnhancerBySpringCGLIB$$568b052d] is not eligible for getting processed by all BeanPostProcessors (for example: not eligible for auto-proxying)
2017-05-12 09:41:21.303 [main] INFO  o.s.c.s.PostProcessorRegistrationDelegate$BeanPostProcessorChecker - Bean 'annotationDrivenTransactionManager' of type [org.springframework.jdbc.datasource.DataSourceTransactionManager] is not eligible for getting processed by all BeanPostProcessors (for example: not eligible for auto-proxying)
2017-05-12 09:41:21.305 [main] INFO  o.s.c.s.PostProcessorRegistrationDelegate$BeanPostProcessorChecker - Bean 'org.springframework.transaction.annotation.ProxyTransactionManagementConfiguration' of type [org.springframework.transaction.annotation.ProxyTransactionManagementConfiguration$$EnhancerBySpringCGLIB$$db3bd494] is not eligible for getting processed by all BeanPostProcessors (for example: not eligible for auto-proxying)
2017-05-12 09:41:21.630 [main] INFO  o.s.b.c.e.tomcat.TomcatEmbeddedServletContainer - Tomcat initialized with port(s): 5555 (http)
2017-05-12 09:41:21.640 [main] INFO  org.apache.catalina.core.StandardService - Starting service Tomcat
2017-05-12 09:41:21.641 [main] INFO  org.apache.catalina.core.StandardEngine - Starting Servlet Engine: Apache Tomcat/8.5.11
2017-05-12 09:41:21.713 [localhost-startStop-1] INFO  o.a.c.core.ContainerBase.[Tomcat].[localhost].[/] - Initializing Spring embedded WebApplicationContext
2017-05-12 09:41:21.713 [localhost-startStop-1] INFO  org.springframework.web.context.ContextLoader - Root WebApplicationContext: initialization completed in 2106 ms
2017-05-12 09:41:21.855 [localhost-startStop-1] INFO  o.s.boot.web.servlet.ServletRegistrationBean - Mapping servlet: 'dispatcherServlet' to [/]
2017-05-12 09:41:21.859 [localhost-startStop-1] INFO  o.s.boot.web.servlet.FilterRegistrationBean - Mapping filter: 'characterEncodingFilter' to: [/*]
2017-05-12 09:41:21.859 [localhost-startStop-1] INFO  o.s.boot.web.servlet.FilterRegistrationBean - Mapping filter: 'hiddenHttpMethodFilter' to: [/*]
2017-05-12 09:41:21.859 [localhost-startStop-1] INFO  o.s.boot.web.servlet.FilterRegistrationBean - Mapping filter: 'httpPutFormContentFilter' to: [/*]
2017-05-12 09:41:21.859 [localhost-startStop-1] INFO  o.s.boot.web.servlet.FilterRegistrationBean - Mapping filter: 'requestContextFilter' to: [/*]
2017-05-12 09:41:22.873 [main] INFO  o.s.w.s.m.m.a.RequestMappingHandlerAdapter - Looking for @ControllerAdvice: org.springframework.boot.context.embedded.AnnotationConfigEmbeddedWebApplicationContext@65c1ef16: startup date [Fri May 12 09:41:19 CST 2017]; root of context hierarchy
2017-05-12 09:41:22.955 [main] INFO  o.s.w.s.m.m.a.RequestMappingHandlerMapping - Mapped "{[/sample/addRedis]}" onto public java.lang.Object com.hwangfantasy.controller.SampleController.addRedis(java.lang.String,java.lang.String)
2017-05-12 09:41:22.956 [main] INFO  o.s.w.s.m.m.a.RequestMappingHandlerMapping - Mapped "{[/sample/getUser]}" onto public java.lang.Object com.hwangfantasy.controller.SampleController.getUser(java.lang.String)
2017-05-12 09:41:22.958 [main] INFO  o.s.w.s.m.m.a.RequestMappingHandlerMapping - Mapped "{[/error]}" onto public org.springframework.http.ResponseEntity<java.util.Map<java.lang.String, java.lang.Object>> org.springframework.boot.autoconfigure.web.BasicErrorController.error(javax.servlet.http.HttpServletRequest)
2017-05-12 09:41:22.959 [main] INFO  o.s.w.s.m.m.a.RequestMappingHandlerMapping - Mapped "{[/error],produces=[text/html]}" onto public org.springframework.web.servlet.ModelAndView org.springframework.boot.autoconfigure.web.BasicErrorController.errorHtml(javax.servlet.http.HttpServletRequest,javax.servlet.http.HttpServletResponse)
2017-05-12 09:41:23.016 [main] INFO  o.s.web.servlet.handler.SimpleUrlHandlerMapping - Mapped URL path [/webjars/**] onto handler of type [class org.springframework.web.servlet.resource.ResourceHttpRequestHandler]
2017-05-12 09:41:23.016 [main] INFO  o.s.web.servlet.handler.SimpleUrlHandlerMapping - Mapped URL path [/**] onto handler of type [class org.springframework.web.servlet.resource.ResourceHttpRequestHandler]
2017-05-12 09:41:23.108 [main] INFO  o.s.web.servlet.handler.SimpleUrlHandlerMapping - Mapped URL path [/**/favicon.ico] onto handler of type [class org.springframework.web.servlet.resource.ResourceHttpRequestHandler]
2017-05-12 09:41:23.905 [main] INFO  o.s.jmx.export.annotation.AnnotationMBeanExporter - Registering beans for JMX exposure on startup
2017-05-12 09:41:23.907 [main] INFO  o.s.jmx.export.annotation.AnnotationMBeanExporter - Bean with name 'dataSource' has been autodetected for JMX exposure
2017-05-12 09:41:23.912 [main] INFO  o.s.jmx.export.annotation.AnnotationMBeanExporter - Bean with name 'rabbitConnectionFactory' has been autodetected for JMX exposure
2017-05-12 09:41:23.916 [main] INFO  o.s.jmx.export.annotation.AnnotationMBeanExporter - Located MBean 'dataSource': registering with JMX server as MBean [com.alibaba.druid.pool:name=dataSource,type=DruidDataSource]
2017-05-12 09:41:23.919 [main] INFO  o.s.jmx.export.annotation.AnnotationMBeanExporter - Located managed bean 'rabbitConnectionFactory': registering with JMX server as MBean [org.springframework.amqp.rabbit.connection:name=rabbitConnectionFactory,type=CachingConnectionFactory]
2017-05-12 09:41:23.947 [main] INFO  o.s.context.support.DefaultLifecycleProcessor - Starting beans in phase -2147482648
2017-05-12 09:41:23.947 [main] INFO  o.s.context.support.DefaultLifecycleProcessor - Starting beans in phase 2147483647
2017-05-12 09:41:23.961 [main] INFO  org.apache.coyote.http11.Http11NioProtocol - Initializing ProtocolHandler ["http-nio-5555"]
2017-05-12 09:41:23.974 [main] INFO  org.apache.coyote.http11.Http11NioProtocol - Starting ProtocolHandler [http-nio-5555]
2017-05-12 09:41:23.975 [main] INFO  org.apache.tomcat.util.net.NioSelectorPool - Using a shared selector for servlet write/read
2017-05-12 09:41:23.990 [main] INFO  o.s.b.c.e.tomcat.TomcatEmbeddedServletContainer - Tomcat started on port(s): 5555 (http)
2017-05-12 09:41:23.999 [main] INFO  com.hwangfantasy.SpringBootSampleApplication - Started SpringBootSampleApplication in 4.736 seconds (JVM running for 6.403)
